<?xml version="1.0" encoding="UTF-8"?>
<testsuite name="CardDeliveryTest" tests="1" skipped="0" failures="0" errors="0" timestamp="2021-06-12T17:17:23" hostname="LAPTOP-NQ6B01VF" time="14.098">
  <properties/>
  <testcase name="shouldOrderOfDeliveryCard()" classname="CardDeliveryTest" time="14.098"/>
  <system-out><![CDATA[]]></system-out>
  <system-err><![CDATA[SLF4J: Failed to load class "org.slf4j.impl.StaticLoggerBinder".
SLF4J: Defaulting to no-operation (NOP) logger implementation
SLF4J: See http://www.slf4j.org/codes.html#StaticLoggerBinder for further details.
Starting ChromeDriver 91.0.4472.101 (af52a90bf87030dd1523486a1cd3ae25c5d76c9b-refs/branch-heads/4472@{#1462}) on port 15562
Only local connections are allowed.
Please see https://chromedriver.chromium.org/security-considerations for suggestions on keeping ChromeDriver safe.
ChromeDriver was started successfully.
июн. 12, 2021 8:17:25 PM org.openqa.selenium.remote.ProtocolHandshake createSession
INFO: Detected dialect: W3C
]]></system-err>
</testsuite>
